\BOOKMARK [-1][-]{part.1}{\376\377\000I\000\040\000C\000o\000n\000c\000e\000p\000t}{}% 1
\BOOKMARK [0][-]{chapter.1}{\376\377\000I\000n\000t\000r\000o\000d\000u\000c\000t\000i\000o\000n}{part.1}% 2
\BOOKMARK [1][-]{section.1.1}{\376\377\000O\000v\000e\000r\000v\000i\000e\000w}{chapter.1}% 3
\BOOKMARK [1][-]{section.1.2}{\376\377\000P\000u\000r\000p\000o\000s\000e}{chapter.1}% 4
\BOOKMARK [1][-]{section.1.3}{\376\377\000G\000o\000a\000l\000s}{chapter.1}% 5
\BOOKMARK [0][-]{chapter.2}{\376\377\000S\000t\000a\000k\000e\000h\000o\000l\000d\000e\000r\000s}{part.1}% 6
\BOOKMARK [1][-]{section.2.1}{\376\377\000I\000n\000t\000r\000o\000d\000u\000c\000t\000i\000o\000n}{chapter.2}% 7
\BOOKMARK [1][-]{section.2.2}{\376\377\000P\000u\000r\000c\000h\000a\000s\000e\000r\000s}{chapter.2}% 8
\BOOKMARK [1][-]{section.2.3}{\376\377\000E\000n\000d\000\040\000U\000s\000e\000r\000s}{chapter.2}% 9
\BOOKMARK [1][-]{section.2.4}{\376\377\000D\000e\000v\000e\000l\000o\000p\000e\000r\000s}{chapter.2}% 10
\BOOKMARK [1][-]{section.2.5}{\376\377\000O\000p\000e\000r\000a\000t\000o\000r\000s}{chapter.2}% 11
\BOOKMARK [0][-]{chapter.3}{\376\377\000U\000s\000e\000\040\000C\000a\000s\000e\000s}{part.1}% 12
\BOOKMARK [0][-]{chapter.4}{\376\377\000S\000t\000a\000k\000e\000h\000o\000l\000d\000e\000r\000\040\000N\000e\000e\000d\000s}{part.1}% 13
\BOOKMARK [0][-]{chapter.5}{\376\377\000R\000e\000q\000u\000i\000r\000e\000m\000e\000n\000t\000s}{part.1}% 14
\BOOKMARK [1][-]{section.5.1}{\376\377\000F\000u\000n\000c\000t\000i\000o\000n\000a\000l\000\040\000R\000e\000q\000u\000i\000r\000e\000m\000e\000n\000t\000s}{chapter.5}% 15
\BOOKMARK [1][-]{section.5.2}{\376\377\000N\000o\000n\000\040\000F\000u\000n\000c\000t\000i\000o\000n\000a\000l\000\040\000R\000e\000q\000u\000i\000r\000e\000m\000e\000n\000t\000s}{chapter.5}% 16
\BOOKMARK [2][-]{subsection.5.2.1}{\376\377\000R\000o\000b\000u\000s\000t\000n\000e\000s\000s}{section.5.2}% 17
\BOOKMARK [2][-]{subsection.5.2.2}{\376\377\000R\000e\000l\000i\000a\000b\000i\000l\000i\000t\000y}{section.5.2}% 18
\BOOKMARK [2][-]{subsection.5.2.3}{\376\377\000P\000e\000r\000f\000o\000r\000m\000a\000n\000c\000e}{section.5.2}% 19
\BOOKMARK [2][-]{subsection.5.2.4}{\376\377\000P\000e\000r\000s\000i\000s\000t\000e\000n\000c\000e}{section.5.2}% 20
\BOOKMARK [-1][-]{part.2}{\376\377\000I\000I\000\040\000D\000e\000s\000i\000g\000n}{}% 21
\BOOKMARK [-1][-]{part.3}{\376\377\000I\000I\000I\000\040\000I\000m\000p\000l\000e\000m\000e\000n\000t\000a\000t\000i\000o\000n}{}% 22
\BOOKMARK [-1][-]{part.4}{\376\377\000I\000V\000\040\000T\000e\000s\000t\000i\000n\000g}{}% 23
\BOOKMARK [0][-]{chapter.6}{\376\377\000R\000e\000s\000u\000m\000e}{part.4}% 24
